app/build/intermediates/manifest_merge_blame_file/debug/manifest-merger-blame-debug-report.txt
1<?xml version="1.0" encoding="utf-8"?>
2<manifest xmlns:android="http://schemas.android.com/apk/res/android"
3    package="com.example.personalchef"
4    android:versionCode="1"
5    android:versionName="1.0" >
6
7    <uses-sdk
8        android:minSdkVersion="26"
8-->src\main\AndroidManifest.xml
9        android:targetSdkVersion="30" />
9-->src\main\AndroidManifest.xml
10
11    <uses-permission android:name="android.permission.INTERNET" />
11-->src\main\AndroidManifest.xml:5:5-67
11-->src\main\AndroidManifest.xml:5:22-64
12    <uses-permission android:name="android.permission.ACCESS_NETWORK_STATE" />
12-->[com.google.firebase:firebase-auth:20.0.2] AndroidManifest.xml:24:5-79
12-->[com.google.firebase:firebase-auth:20.0.2] AndroidManifest.xml:24:22-76
13    <uses-permission android:name="android.permission.WAKE_LOCK" />
13-->[com.google.android.gms:play-services-measurement:18.0.2] AndroidManifest.xml:25:5-68
13-->[com.google.android.gms:play-services-measurement:18.0.2] AndroidManifest.xml:25:22-65
14    <uses-permission android:name="com.google.android.finsky.permission.BIND_GET_INSTALL_REFERRER_SERVICE" />
14-->[com.google.android.gms:play-services-measurement:18.0.2] AndroidManifest.xml:26:5-110
14-->[com.google.android.gms:play-services-measurement:18.0.2] AndroidManifest.xml:26:22-107
15
16    <application
16-->src\main\AndroidManifest.xml:7:5-55:19
17        android:allowBackup="true"
17-->src\main\AndroidManifest.xml:8:9-35
18        android:appComponentFactory="androidx.core.app.CoreComponentFactory"
18-->[androidx.core:core:1.3.1] AndroidManifest.xml:24:18-86
19        android:debuggable="true"
20        android:extractNativeLibs="false"
21        android:icon="@mipmap/ic_launcher"
21-->src\main\AndroidManifest.xml:9:9-43
22        android:label="PersonalChef"
22-->src\main\AndroidManifest.xml:10:9-37
23        android:roundIcon="@mipmap/ic_launcher_round"
23-->src\main\AndroidManifest.xml:11:9-54
24        android:supportsRtl="true"
24-->src\main\AndroidManifest.xml:12:9-35
25        android:testOnly="true"
26        android:theme="@style/AppTheme" >
26-->src\main\AndroidManifest.xml:13:9-40
27        <activity android:name="com.example.personalchef.GroceryActivity" />
27-->src\main\AndroidManifest.xml:14:9-86
27-->src\main\AndroidManifest.xml:14:19-74
28        <activity android:name="com.example.personalchef.TimerActivity" />
28-->src\main\AndroidManifest.xml:15:9-75
28-->src\main\AndroidManifest.xml:15:19-72
29        <activity android:name="com.example.personalchef.categories.VegetarianActivity" />
29-->src\main\AndroidManifest.xml:16:9-91
29-->src\main\AndroidManifest.xml:16:19-88
30        <activity android:name="com.example.personalchef.categories.DinnerActivity" />
30-->src\main\AndroidManifest.xml:17:9-87
30-->src\main\AndroidManifest.xml:17:19-84
31        <activity android:name="com.example.personalchef.categories.LunchActivity" />
31-->src\main\AndroidManifest.xml:18:9-86
31-->src\main\AndroidManifest.xml:18:19-83
32        <activity android:name="com.example.personalchef.categories.BreakfastActivity" />
32-->src\main\AndroidManifest.xml:19:9-90
32-->src\main\AndroidManifest.xml:19:19-87
33        <activity android:name="com.example.personalchef.RepickActivity" />
33-->src\main\AndroidManifest.xml:20:9-76
33-->src\main\AndroidManifest.xml:20:19-73
34        <activity android:name="com.example.personalchef.RecipeActivity" />
34-->src\main\AndroidManifest.xml:21:9-76
34-->src\main\AndroidManifest.xml:21:19-73
35        <activity android:name="com.example.personalchef.RegisteredActivity" />
35-->src\main\AndroidManifest.xml:22:9-80
35-->src\main\AndroidManifest.xml:22:19-77
36        <activity android:name="com.example.personalchef.RegisterActivity" >
36-->src\main\AndroidManifest.xml:23:9-29:20
36-->src\main\AndroidManifest.xml:23:19-75
37            <intent-filter>
37-->src\main\AndroidManifest.xml:24:13-28:29
38                <action android:name="android.intent.action.MAIN" />
38-->src\main\AndroidManifest.xml:25:17-69
38-->src\main\AndroidManifest.xml:25:25-66
39
40                <category android:name="android.intent.category.LAUNCHER" />
40-->src\main\AndroidManifest.xml:27:17-77
40-->src\main\AndroidManifest.xml:27:27-74
41            </intent-filter>
42        </activity>
43        <activity android:name="com.example.personalchef.LoginActivity" />
43-->src\main\AndroidManifest.xml:30:9-75
43-->src\main\AndroidManifest.xml:30:19-72
44        <activity android:name="com.example.personalchef.StarterActivity" >
44-->src\main\AndroidManifest.xml:31:9-38:20
44-->src\main\AndroidManifest.xml:31:19-74
45            <intent-filter>
45-->src\main\AndroidManifest.xml:32:13-37:29
46                <action android:name="android.intent.action.MAIN" />
46-->src\main\AndroidManifest.xml:25:17-69
46-->src\main\AndroidManifest.xml:25:25-66
47                <action android:name="android.intent.action.VIEW" />
47-->src\main\AndroidManifest.xml:34:17-69
47-->src\main\AndroidManifest.xml:34:25-66
48            </intent-filter>
49        </activity>
50        <activity
50-->src\main\AndroidManifest.xml:39:9-46:20
51            android:name="com.example.personalchef.view.home.HomeActivity"
51-->src\main\AndroidManifest.xml:40:13-75
52            android:theme="@style/AppTheme" >
52-->src\main\AndroidManifest.xml:41:13-44
53            <intent-filter>
53-->src\main\AndroidManifest.xml:32:13-37:29
54                <action android:name="android.intent.action.MAIN" />
54-->src\main\AndroidManifest.xml:25:17-69
54-->src\main\AndroidManifest.xml:25:25-66
55                <action android:name="android.intent.action.VIEW" />
55-->src\main\AndroidManifest.xml:34:17-69
55-->src\main\AndroidManifest.xml:34:25-66
56            </intent-filter>
57        </activity>
58        <activity
58-->src\main\AndroidManifest.xml:47:9-51:47
59            android:name="com.example.personalchef.view.category.CategoryActivity"
59-->src\main\AndroidManifest.xml:48:13-83
60            android:label="Category"
60-->src\main\AndroidManifest.xml:49:13-37
61            android:screenOrientation="portrait"
61-->src\main\AndroidManifest.xml:50:13-49
62            android:theme="@style/AppTheme" />
62-->src\main\AndroidManifest.xml:51:13-44
63        <activity
63-->src\main\AndroidManifest.xml:52:9-54:59
64            android:name="com.example.personalchef.view.detail.DetailActivity"
64-->src\main\AndroidManifest.xml:53:13-79
65            android:theme="@style/AppTheme.NoActionBar" />
65-->src\main\AndroidManifest.xml:54:13-56
66
67        <provider
67-->[com.squareup.picasso:picasso:2.71828] AndroidManifest.xml:8:9-11:40
68            android:name="com.squareup.picasso.PicassoProvider"
68-->[com.squareup.picasso:picasso:2.71828] AndroidManifest.xml:9:13-64
69            android:authorities="com.example.personalchef.com.squareup.picasso"
69-->[com.squareup.picasso:picasso:2.71828] AndroidManifest.xml:10:13-72
70            android:exported="false" />
70-->[com.squareup.picasso:picasso:2.71828] AndroidManifest.xml:11:13-37
71
72        <activity
72-->[com.google.firebase:firebase-auth:20.0.2] AndroidManifest.xml:27:9-44:20
73            android:name="com.google.firebase.auth.internal.GenericIdpActivity"
73-->[com.google.firebase:firebase-auth:20.0.2] AndroidManifest.xml:28:13-80
74            android:excludeFromRecents="true"
74-->[com.google.firebase:firebase-auth:20.0.2] AndroidManifest.xml:29:13-46
75            android:exported="true"
75-->[com.google.firebase:firebase-auth:20.0.2] AndroidManifest.xml:30:13-36
76            android:launchMode="singleTask"
76-->[com.google.firebase:firebase-auth:20.0.2] AndroidManifest.xml:31:13-44
77            android:theme="@android:style/Theme.Translucent.NoTitleBar" >
77-->[com.google.firebase:firebase-auth:20.0.2] AndroidManifest.xml:32:13-72
78            <intent-filter>
78-->[com.google.firebase:firebase-auth:20.0.2] AndroidManifest.xml:33:13-43:29
79                <action android:name="android.intent.action.VIEW" />
79-->src\main\AndroidManifest.xml:34:17-69
79-->src\main\AndroidManifest.xml:34:25-66
80
81                <category android:name="android.intent.category.DEFAULT" />
81-->[com.google.firebase:firebase-auth:20.0.2] AndroidManifest.xml:36:17-76
81-->[com.google.firebase:firebase-auth:20.0.2] AndroidManifest.xml:36:27-73
82                <category android:name="android.intent.category.BROWSABLE" />
82-->[com.google.firebase:firebase-auth:20.0.2] AndroidManifest.xml:37:17-78
82-->[com.google.firebase:firebase-auth:20.0.2] AndroidManifest.xml:37:27-75
83
84                <data
84-->[com.google.firebase:firebase-auth:20.0.2] AndroidManifest.xml:39:17-42:51
85                    android:host="firebase.auth"
85-->[com.google.firebase:firebase-auth:20.0.2] AndroidManifest.xml:40:21-49
86                    android:path="/"
86-->[com.google.firebase:firebase-auth:20.0.2] AndroidManifest.xml:41:21-37
87                    android:scheme="genericidp" />
87-->[com.google.firebase:firebase-auth:20.0.2] AndroidManifest.xml:42:21-48
88            </intent-filter>
89        </activity>
90        <activity
90-->[com.google.firebase:firebase-auth:20.0.2] AndroidManifest.xml:45:9-62:20
91            android:name="com.google.firebase.auth.internal.RecaptchaActivity"
91-->[com.google.firebase:firebase-auth:20.0.2] AndroidManifest.xml:46:13-79
92            android:excludeFromRecents="true"
92-->[com.google.firebase:firebase-auth:20.0.2] AndroidManifest.xml:47:13-46
93            android:exported="true"
93-->[com.google.firebase:firebase-auth:20.0.2] AndroidManifest.xml:48:13-36
94            android:launchMode="singleTask"
94-->[com.google.firebase:firebase-auth:20.0.2] AndroidManifest.xml:49:13-44
95            android:theme="@android:style/Theme.Translucent.NoTitleBar" >
95-->[com.google.firebase:firebase-auth:20.0.2] AndroidManifest.xml:50:13-72
96            <intent-filter>
96-->[com.google.firebase:firebase-auth:20.0.2] AndroidManifest.xml:51:13-61:29
97                <action android:name="android.intent.action.VIEW" />
97-->src\main\AndroidManifest.xml:34:17-69
97-->src\main\AndroidManifest.xml:34:25-66
98
99                <category android:name="android.intent.category.DEFAULT" />
99-->[com.google.firebase:firebase-auth:20.0.2] AndroidManifest.xml:36:17-76
99-->[com.google.firebase:firebase-auth:20.0.2] AndroidManifest.xml:36:27-73
100                <category android:name="android.intent.category.BROWSABLE" />
100-->[com.google.firebase:firebase-auth:20.0.2] AndroidManifest.xml:37:17-78
100-->[com.google.firebase:firebase-auth:20.0.2] AndroidManifest.xml:37:27-75
101
102                <data
102-->[com.google.firebase:firebase-auth:20.0.2] AndroidManifest.xml:39:17-42:51
103                    android:host="firebase.auth"
103-->[com.google.firebase:firebase-auth:20.0.2] AndroidManifest.xml:40:21-49
104                    android:path="/"
104-->[com.google.firebase:firebase-auth:20.0.2] AndroidManifest.xml:41:21-37
105                    android:scheme="recaptcha" />
105-->[com.google.firebase:firebase-auth:20.0.2] AndroidManifest.xml:42:21-48
106            </intent-filter>
107        </activity>
108
109        <service
109-->[com.google.firebase:firebase-auth:20.0.2] AndroidManifest.xml:64:9-73:19
110            android:name="com.google.firebase.auth.api.fallback.service.FirebaseAuthFallbackService"
110-->[com.google.firebase:firebase-auth:20.0.2] AndroidManifest.xml:65:13-101
111            android:enabled="true"
111-->[com.google.firebase:firebase-auth:20.0.2] AndroidManifest.xml:66:13-35
112            android:exported="false" >
112-->[com.google.firebase:firebase-auth:20.0.2] AndroidManifest.xml:67:13-37
113            <intent-filter>
113-->[com.google.firebase:firebase-auth:20.0.2] AndroidManifest.xml:68:13-72:29
114                <action android:name="com.google.firebase.auth.api.gms.service.START" />
114-->[com.google.firebase:firebase-auth:20.0.2] AndroidManifest.xml:69:17-89
114-->[com.google.firebase:firebase-auth:20.0.2] AndroidManifest.xml:69:25-86
115
116                <category android:name="android.intent.category.DEFAULT" />
116-->[com.google.firebase:firebase-auth:20.0.2] AndroidManifest.xml:36:17-76
116-->[com.google.firebase:firebase-auth:20.0.2] AndroidManifest.xml:36:27-73
117            </intent-filter>
118        </service>
119        <service
119-->[com.google.firebase:firebase-auth:20.0.2] AndroidManifest.xml:74:9-80:19
120            android:name="com.google.firebase.components.ComponentDiscoveryService"
120-->[com.google.firebase:firebase-auth:20.0.2] AndroidManifest.xml:75:13-84
121            android:directBootAware="true"
121-->[com.google.firebase:firebase-common:19.5.0] AndroidManifest.xml:35:13-43
122            android:exported="false" >
122-->[com.google.firebase:firebase-auth:20.0.2] AndroidManifest.xml:76:13-37
123            <meta-data
123-->[com.google.firebase:firebase-auth:20.0.2] AndroidManifest.xml:77:13-79:85
124                android:name="com.google.firebase.components:com.google.firebase.auth.FirebaseAuthRegistrar"
124-->[com.google.firebase:firebase-auth:20.0.2] AndroidManifest.xml:78:17-109
125                android:value="com.google.firebase.components.ComponentRegistrar" />
125-->[com.google.firebase:firebase-auth:20.0.2] AndroidManifest.xml:79:17-82
126            <meta-data
126-->[com.google.android.gms:play-services-measurement-api:18.0.2] AndroidManifest.xml:30:13-32:85
127                android:name="com.google.firebase.components:com.google.firebase.analytics.connector.internal.AnalyticsConnectorRegistrar"
127-->[com.google.android.gms:play-services-measurement-api:18.0.2] AndroidManifest.xml:31:17-139
128                android:value="com.google.firebase.components.ComponentRegistrar" />
128-->[com.google.android.gms:play-services-measurement-api:18.0.2] AndroidManifest.xml:32:17-82
129            <meta-data
129-->[com.google.firebase:firebase-installations:16.3.5] AndroidManifest.xml:18:13-20:85
130                android:name="com.google.firebase.components:com.google.firebase.installations.FirebaseInstallationsRegistrar"
130-->[com.google.firebase:firebase-installations:16.3.5] AndroidManifest.xml:19:17-127
131                android:value="com.google.firebase.components.ComponentRegistrar" />
131-->[com.google.firebase:firebase-installations:16.3.5] AndroidManifest.xml:20:17-82
132            <!--
133                This registrar is not defined in the dynamic-module-support sdk itself to allow non-firebase
134                clients to use it as well, by defining this registrar in their own core/common library.
135            -->
136            <meta-data
136-->[com.google.firebase:firebase-common:19.5.0] AndroidManifest.xml:43:13-45:85
137                android:name="com.google.firebase.components:com.google.firebase.dynamicloading.DynamicLoadingRegistrar"
137-->[com.google.firebase:firebase-common:19.5.0] AndroidManifest.xml:44:17-121
138                android:value="com.google.firebase.components.ComponentRegistrar" />
138-->[com.google.firebase:firebase-common:19.5.0] AndroidManifest.xml:45:17-82
139        </service>
140
141        <activity
141-->[com.google.android.gms:play-services-base:17.1.0] AndroidManifest.xml:23:9-26:75
142            android:name="com.google.android.gms.common.api.GoogleApiActivity"
142-->[com.google.android.gms:play-services-base:17.1.0] AndroidManifest.xml:24:13-79
143            android:exported="false"
143-->[com.google.android.gms:play-services-base:17.1.0] AndroidManifest.xml:25:13-37
144            android:theme="@android:style/Theme.Translucent.NoTitleBar" />
144-->[com.google.android.gms:play-services-base:17.1.0] AndroidManifest.xml:26:13-72
145
146        <receiver
146-->[com.google.android.gms:play-services-measurement:18.0.2] AndroidManifest.xml:29:9-33:20
147            android:name="com.google.android.gms.measurement.AppMeasurementReceiver"
147-->[com.google.android.gms:play-services-measurement:18.0.2] AndroidManifest.xml:30:13-85
148            android:enabled="true"
148-->[com.google.android.gms:play-services-measurement:18.0.2] AndroidManifest.xml:31:13-35
149            android:exported="false" >
149-->[com.google.android.gms:play-services-measurement:18.0.2] AndroidManifest.xml:32:13-37
150        </receiver>
151
152        <service
152-->[com.google.android.gms:play-services-measurement:18.0.2] AndroidManifest.xml:35:9-38:40
153            android:name="com.google.android.gms.measurement.AppMeasurementService"
153-->[com.google.android.gms:play-services-measurement:18.0.2] AndroidManifest.xml:36:13-84
154            android:enabled="true"
154-->[com.google.android.gms:play-services-measurement:18.0.2] AndroidManifest.xml:37:13-35
155            android:exported="false" />
155-->[com.google.android.gms:play-services-measurement:18.0.2] AndroidManifest.xml:38:13-37
156        <service
156-->[com.google.android.gms:play-services-measurement:18.0.2] AndroidManifest.xml:39:9-43:72
157            android:name="com.google.android.gms.measurement.AppMeasurementJobService"
157-->[com.google.android.gms:play-services-measurement:18.0.2] AndroidManifest.xml:40:13-87
158            android:enabled="true"
158-->[com.google.android.gms:play-services-measurement:18.0.2] AndroidManifest.xml:41:13-35
159            android:exported="false"
159-->[com.google.android.gms:play-services-measurement:18.0.2] AndroidManifest.xml:42:13-37
160            android:permission="android.permission.BIND_JOB_SERVICE" />
160-->[com.google.android.gms:play-services-measurement:18.0.2] AndroidManifest.xml:43:13-69
161
162        <provider
162-->[com.google.firebase:firebase-common:19.5.0] AndroidManifest.xml:26:9-31:39
163            android:name="com.google.firebase.provider.FirebaseInitProvider"
163-->[com.google.firebase:firebase-common:19.5.0] AndroidManifest.xml:27:13-77
164            android:authorities="com.example.personalchef.firebaseinitprovider"
164-->[com.google.firebase:firebase-common:19.5.0] AndroidManifest.xml:28:13-72
165            android:directBootAware="true"
165-->[com.google.firebase:firebase-common:19.5.0] AndroidManifest.xml:29:13-43
166            android:exported="false"
166-->[com.google.firebase:firebase-common:19.5.0] AndroidManifest.xml:30:13-37
167            android:initOrder="100" />
167-->[com.google.firebase:firebase-common:19.5.0] AndroidManifest.xml:31:13-36
168
169        <meta-data
169-->[com.google.android.gms:play-services-basement:17.1.0] AndroidManifest.xml:23:9-25:69
170            android:name="com.google.android.gms.version"
170-->[com.google.android.gms:play-services-basement:17.1.0] AndroidManifest.xml:24:13-58
171            android:value="@integer/google_play_services_version" />
171-->[com.google.android.gms:play-services-basement:17.1.0] AndroidManifest.xml:25:13-66
172
173        <provider
173-->[androidx.lifecycle:lifecycle-process:2.1.0] AndroidManifest.xml:23:9-27:43
174            android:name="androidx.lifecycle.ProcessLifecycleOwnerInitializer"
174-->[androidx.lifecycle:lifecycle-process:2.1.0] AndroidManifest.xml:24:13-79
175            android:authorities="com.example.personalchef.lifecycle-process"
175-->[androidx.lifecycle:lifecycle-process:2.1.0] AndroidManifest.xml:25:13-69
176            android:exported="false"
176-->[androidx.lifecycle:lifecycle-process:2.1.0] AndroidManifest.xml:26:13-37
177            android:multiprocess="true" />
177-->[androidx.lifecycle:lifecycle-process:2.1.0] AndroidManifest.xml:27:13-40
178    </application>
179
180</manifest>